-------------------------------------------------------------------------------
Test set: TestSuite
-------------------------------------------------------------------------------
Tests run: 4, Failures: 1, Errors: 0, Skipped: 0, Time elapsed: 30.489 s <<< FAILURE! - in TestSuite
testGETUserDetails(tests.TestGETRequest)  Time elapsed: 11.522 s  <<< FAILURE!
java.lang.AssertionError: Name does not match expected [Eve2] but found [Eve]
	at tests.TestGETRequest.testGETUserDetails(TestGETRequest.java:51)

