<?xml version="1.0" encoding="UTF-8"?>
<testsuite xmlns:xsi="http://www.w3.org/2001/XMLSchema-instance" xsi:noNamespaceSchemaLocation="https://maven.apache.org/surefire/maven-surefire-plugin/xsd/surefire-test-report.xsd" name="TestSuite" time="30.489" tests="4" errors="0" skipped="0" failures="1">
  <properties>
[...]
</properties>
  <testcase name="testGETUserDetails" classname="tests.TestGETRequest" time="11.522">
    <failure message="Name does not match expected [Eve2] but found [Eve]" type="java.lang.AssertionError">java.lang.AssertionError: Name does not match expected [Eve2] but found [Eve]
	at tests.TestGETRequest.testGETUserDetails(TestGETRequest.java:51)
</failure>
    <system-out><![CDATA[RestAssured test started......
Response body is => {"page":2,"per_page":3,"total":12,"total_pages":4,"data":[{"id":4,"email":"eve.holt@reqres.in","first_name":"Eve","last_name":"Holt","avatar":"https://s3.amazonaws.com/uifaces/faces/twitter/marcoramires/128.jpg"},{"id":5,"email":"charles.morris@reqres.in","first_name":"Charles","last_name":"Morris","avatar":"https://s3.amazonaws.com/uifaces/faces/twitter/stephenmoon/128.jpg"},{"id":6,"email":"tracey.ramos@reqres.in","first_name":"Tracey","last_name":"Ramos","avatar":"https://s3.amazonaws.com/uifaces/faces/twitter/bigmancho/128.jpg"}]}
HTTP/1.1 200 OK
The first name is: Eve
The status code is: 200
Key: Date   Value: Wed, 14 Aug 2019 10:18:53 GMT
Key: Content-Type   Value: application/json; charset=utf-8
Key: Transfer-Encoding   Value: chunked
Key: Connection   Value: keep-alive
Key: Set-Cookie   Value: __cfduid=de593a15ba7124a815aa085526b5ee8df1565777933; expires=Thu, 13-Aug-20 10:18:53 GMT; path=/; domain=.reqres.in; HttpOnly; Secure
Key: X-Powered-By   Value: Express
Key: Access-Control-Allow-Origin   Value: *
Key: Etag   Value: W/"21c-V3l8h04l5/8zLV+i3u8GJo8G3Y8"
Key: Via   Value: 1.1 vegur
Key: CF-Cache-Status   Value: HIT
Key: Age   Value: 87
Key: Expires   Value: Wed, 14 Aug 2019 14:18:53 GMT
Key: Cache-Control   Value: public, max-age=14400
Key: Expect-CT   Value: max-age=604800, report-uri="https://report-uri.cloudflare.com/cdn-cgi/beacon/expect-ct"
Key: Vary   Value: Accept-Encoding
Key: Server   Value: cloudflare
Key: CF-RAY   Value: 50622ff4fcad96da-FRA
Key: Content-Encoding   Value: gzip
]]></system-out>
    <system-err><![CDATA[SLF4J: Failed to load class "org.slf4j.impl.StaticLoggerBinder".
SLF4J: Defaulting to no-operation (NOP) logger implementation
SLF4J: See http://www.slf4j.org/codes.html#StaticLoggerBinder for further details.
]]></system-err>
  </testcase>
  <testcase name="testPOSTRequestDetails" classname="tests.TestPOSTRequest" time="5.683"/>
  <testcase name="testPUTRequestDetails" classname="tests.TestPUTRequest" time="6.701"/>
  <testcase name="testDELETERequestDetails" classname="tests.TestDELETERequest" time="4.312"/>
</testsuite>